Started at Wed Apr 20 17:48:52 UTC 2022
Processing fact
Offering fact to Project Build Discarder
Processing Freestlyle1
Offering Freestlyle1 to Project Build Discarder
Processing Mavenproj
Offering Mavenproj to Project Build Discarder
Processing my first pipeline
Offering my first pipeline to Project Build Discarder
Processing my second pipeline
Offering my second pipeline to Project Build Discarder
Processing Naveenproj
Offering Naveenproj to Project Build Discarder
Processing pipeline1
Offering pipeline1 to Project Build Discarder
Processing Pipeline2
Offering Pipeline2 to Project Build Discarder
Processing sample pipe
Offering sample pipe to Project Build Discarder
Processing Test
Offering Test to Project Build Discarder
Finished at Wed Apr 20 17:48:52 UTC 2022. 19ms
Started at Wed Apr 20 18:48:52 UTC 2022
Processing fact
Offering fact to Project Build Discarder
Processing Freestlyle1
Offering Freestlyle1 to Project Build Discarder
Processing Mavenproj
Offering Mavenproj to Project Build Discarder
Processing my first pipeline
Offering my first pipeline to Project Build Discarder
Processing my second pipeline
Offering my second pipeline to Project Build Discarder
Processing Naveenproj
Offering Naveenproj to Project Build Discarder
Processing pipeline1
Offering pipeline1 to Project Build Discarder
Processing Pipeline2
Offering Pipeline2 to Project Build Discarder
Processing sample pipe
Offering sample pipe to Project Build Discarder
Processing Test
Offering Test to Project Build Discarder
Finished at Wed Apr 20 18:48:52 UTC 2022. 2ms
Started at Wed Apr 20 19:48:52 UTC 2022
Processing fact
Offering fact to Project Build Discarder
Processing Freestlyle1
Offering Freestlyle1 to Project Build Discarder
Processing Mavenproj
Offering Mavenproj to Project Build Discarder
Processing my first pipeline
Offering my first pipeline to Project Build Discarder
Processing my second pipeline
Offering my second pipeline to Project Build Discarder
Processing Naveenproj
Offering Naveenproj to Project Build Discarder
Processing pipeline1
Offering pipeline1 to Project Build Discarder
Processing Pipeline2
Offering Pipeline2 to Project Build Discarder
Processing sample pipe
Offering sample pipe to Project Build Discarder
Processing Test
Offering Test to Project Build Discarder
Finished at Wed Apr 20 19:48:52 UTC 2022. 1ms
Started at Wed Apr 20 20:48:52 UTC 2022
Processing fact
Offering fact to Project Build Discarder
Processing Freestlyle1
Offering Freestlyle1 to Project Build Discarder
Processing Mavenproj
Offering Mavenproj to Project Build Discarder
Processing my first pipeline
Offering my first pipeline to Project Build Discarder
Processing my second pipeline
Offering my second pipeline to Project Build Discarder
Processing Naveenproj
Offering Naveenproj to Project Build Discarder
Processing pipeline1
Offering pipeline1 to Project Build Discarder
Processing Pipeline2
Offering Pipeline2 to Project Build Discarder
Processing sample pipe
Offering sample pipe to Project Build Discarder
Processing Test
Offering Test to Project Build Discarder
Finished at Wed Apr 20 20:48:52 UTC 2022. 10ms
Started at Wed Apr 20 21:48:52 UTC 2022
Processing fact
Offering fact to Project Build Discarder
Processing Freestlyle1
Offering Freestlyle1 to Project Build Discarder
Processing Mavenproj
Offering Mavenproj to Project Build Discarder
Processing my first pipeline
Offering my first pipeline to Project Build Discarder
Processing my second pipeline
Offering my second pipeline to Project Build Discarder
Processing Naveenproj
Offering Naveenproj to Project Build Discarder
Processing pipeline1
Offering pipeline1 to Project Build Discarder
Processing Pipeline2
Offering Pipeline2 to Project Build Discarder
Processing sample pipe
Offering sample pipe to Project Build Discarder
Processing Test
Offering Test to Project Build Discarder
Finished at Wed Apr 20 21:48:52 UTC 2022. 0ms
Started at Wed Apr 20 22:48:52 UTC 2022
Processing fact
Offering fact to Project Build Discarder
Processing Freestlyle1
Offering Freestlyle1 to Project Build Discarder
Processing Mavenproj
Offering Mavenproj to Project Build Discarder
Processing my first pipeline
Offering my first pipeline to Project Build Discarder
Processing my second pipeline
Offering my second pipeline to Project Build Discarder
Processing Naveenproj
Offering Naveenproj to Project Build Discarder
Processing pipeline1
Offering pipeline1 to Project Build Discarder
Processing Pipeline2
Offering Pipeline2 to Project Build Discarder
Processing sample pipe
Offering sample pipe to Project Build Discarder
Processing Test
Offering Test to Project Build Discarder
Finished at Wed Apr 20 22:48:52 UTC 2022. 3ms
Started at Wed Apr 20 23:48:52 UTC 2022
Processing fact
Offering fact to Project Build Discarder
Processing Freestlyle1
Offering Freestlyle1 to Project Build Discarder
Processing Mavenproj
Offering Mavenproj to Project Build Discarder
Processing my first pipeline
Offering my first pipeline to Project Build Discarder
Processing my second pipeline
Offering my second pipeline to Project Build Discarder
Processing Naveenproj
Offering Naveenproj to Project Build Discarder
Processing pipeline1
Offering pipeline1 to Project Build Discarder
Processing Pipeline2
Offering Pipeline2 to Project Build Discarder
Processing sample pipe
Offering sample pipe to Project Build Discarder
Processing Test
Offering Test to Project Build Discarder
Finished at Wed Apr 20 23:48:52 UTC 2022. 3ms
Started at Thu Apr 21 00:48:52 UTC 2022
Processing fact
Offering fact to Project Build Discarder
Processing Freestlyle1
Offering Freestlyle1 to Project Build Discarder
Processing Mavenproj
Offering Mavenproj to Project Build Discarder
Processing my first pipeline
Offering my first pipeline to Project Build Discarder
Processing my second pipeline
Offering my second pipeline to Project Build Discarder
Processing Naveenproj
Offering Naveenproj to Project Build Discarder
Processing pipeline1
Offering pipeline1 to Project Build Discarder
Processing Pipeline2
Offering Pipeline2 to Project Build Discarder
Processing sample pipe
Offering sample pipe to Project Build Discarder
Processing Test
Offering Test to Project Build Discarder
Finished at Thu Apr 21 00:48:52 UTC 2022. 7ms
Started at Thu Apr 21 01:48:52 UTC 2022
Processing fact
Offering fact to Project Build Discarder
Processing Freestlyle1
Offering Freestlyle1 to Project Build Discarder
Processing Mavenproj
Offering Mavenproj to Project Build Discarder
Processing my first pipeline
Offering my first pipeline to Project Build Discarder
Processing my second pipeline
Offering my second pipeline to Project Build Discarder
Processing Naveenproj
Offering Naveenproj to Project Build Discarder
Processing pipeline1
Offering pipeline1 to Project Build Discarder
Processing Pipeline2
Offering Pipeline2 to Project Build Discarder
Processing sample pipe
Offering sample pipe to Project Build Discarder
Processing Test
Offering Test to Project Build Discarder
Finished at Thu Apr 21 01:48:52 UTC 2022. 2ms
Started at Thu Apr 21 02:48:52 UTC 2022
Processing fact
Offering fact to Project Build Discarder
Processing Freestlyle1
Offering Freestlyle1 to Project Build Discarder
Processing Mavenproj
Offering Mavenproj to Project Build Discarder
Processing my first pipeline
Offering my first pipeline to Project Build Discarder
Processing my second pipeline
Offering my second pipeline to Project Build Discarder
Processing Naveenproj
Offering Naveenproj to Project Build Discarder
Processing pipeline1
Offering pipeline1 to Project Build Discarder
Processing Pipeline2
Offering Pipeline2 to Project Build Discarder
Processing sample pipe
Offering sample pipe to Project Build Discarder
Processing Test
Offering Test to Project Build Discarder
Finished at Thu Apr 21 02:48:52 UTC 2022. 2ms
Started at Thu Apr 21 03:48:52 UTC 2022
Processing fact
Offering fact to Project Build Discarder
Processing Freestlyle1
Offering Freestlyle1 to Project Build Discarder
Processing Mavenproj
Offering Mavenproj to Project Build Discarder
Processing my first pipeline
Offering my first pipeline to Project Build Discarder
Processing my second pipeline
Offering my second pipeline to Project Build Discarder
Processing Naveenproj
Offering Naveenproj to Project Build Discarder
Processing Newproject
Offering Newproject to Project Build Discarder
Processing pipeline1
Offering pipeline1 to Project Build Discarder
Processing Pipeline2
Offering Pipeline2 to Project Build Discarder
Processing sample pipe
Offering sample pipe to Project Build Discarder
Processing Test
Offering Test to Project Build Discarder
Finished at Thu Apr 21 03:48:52 UTC 2022. 6ms
Started at Thu Apr 21 04:48:52 UTC 2022
Processing fact
Offering fact to Project Build Discarder
Processing Freestlyle1
Offering Freestlyle1 to Project Build Discarder
Processing Mavenproj
Offering Mavenproj to Project Build Discarder
Processing my first pipeline
Offering my first pipeline to Project Build Discarder
Processing my second pipeline
Offering my second pipeline to Project Build Discarder
Processing Naveenproj
Offering Naveenproj to Project Build Discarder
Processing Newproject
Offering Newproject to Project Build Discarder
Processing pipeline1
Offering pipeline1 to Project Build Discarder
Processing Pipeline2
Offering Pipeline2 to Project Build Discarder
Processing sample pipe
Offering sample pipe to Project Build Discarder
Processing Test
Offering Test to Project Build Discarder
Finished at Thu Apr 21 04:48:52 UTC 2022. 1ms
Started at Thu Apr 21 05:48:52 UTC 2022
Processing fact
Offering fact to Project Build Discarder
Processing Freestlyle1
Offering Freestlyle1 to Project Build Discarder
Processing Mavenproj
Offering Mavenproj to Project Build Discarder
Processing my first pipeline
Offering my first pipeline to Project Build Discarder
Processing my second pipeline
Offering my second pipeline to Project Build Discarder
Processing Naveenproj
Offering Naveenproj to Project Build Discarder
Processing Newproject
Offering Newproject to Project Build Discarder
Processing pipeline1
Offering pipeline1 to Project Build Discarder
Processing Pipeline2
Offering Pipeline2 to Project Build Discarder
Processing sample pipe
Offering sample pipe to Project Build Discarder
Processing Test
Offering Test to Project Build Discarder
Finished at Thu Apr 21 05:48:52 UTC 2022. 0ms
Started at Thu Apr 21 06:48:52 UTC 2022
Processing fact
Offering fact to Project Build Discarder
Processing Freestlyle1
Offering Freestlyle1 to Project Build Discarder
Processing Mavenproj
Offering Mavenproj to Project Build Discarder
Processing my first pipeline
Offering my first pipeline to Project Build Discarder
Processing my second pipeline
Offering my second pipeline to Project Build Discarder
Processing Naveenproj
Offering Naveenproj to Project Build Discarder
Processing Newproject
Offering Newproject to Project Build Discarder
Processing pipeline1
Offering pipeline1 to Project Build Discarder
Processing Pipeline2
Offering Pipeline2 to Project Build Discarder
Processing sample pipe
Offering sample pipe to Project Build Discarder
Processing Test
Offering Test to Project Build Discarder
Finished at Thu Apr 21 06:48:52 UTC 2022. 17ms
